Added Component: Designator=C1(CAPC3216X05N)
Add component. Clean all parameters for all variants
Add component (AddParameter): Name = "Ref"; Value = "http://www.kosmodrom.com.ua/prodlist.php?name=cap1206"; VariantName = "[No Variations]"
Added Component: Designator=C2(CAPC3216X05N)
Add component. Clean all parameters for all variants
Add component (AddParameter): Name = "Ref"; Value = "http://www.kosmodrom.com.ua/prodlist.php?name=cap1206"; VariantName = "[No Variations]"
Added Component: Designator=C3(CAPC3216X05N)
Add component. Clean all parameters for all variants
Add component (AddParameter): Name = "Ref"; Value = "http://www.kosmodrom.com.ua/prodlist.php?name=cap1206"; VariantName = "[No Variations]"
Added Component: Designator=C4(CAPC1608X05N)
Add component. Clean all parameters for all variants
Add component (AddParameter): Name = "Ref"; Value = "http://www.kosmodrom.com.ua/prodlist.php?name=cap1206"; VariantName = "[No Variations]"
Added Component: Designator=C5(CAPC1608X05N)
Add component. Clean all parameters for all variants
Add component (AddParameter): Name = "Ref"; Value = "http://www.kosmodrom.com.ua/prodlist.php?name=cap1206"; VariantName = "[No Variations]"
Added Component: Designator=C6(CAPC1608X05N)
Add component. Clean all parameters for all variants
Add component (AddParameter): Name = "Ref"; Value = "http://www.kosmodrom.com.ua/prodlist.php?name=cap1206"; VariantName = "[No Variations]"
Added Component: Designator=C7(CAPC1608X05N)
Add component. Clean all parameters for all variants
Add component (AddParameter): Name = "Ref"; Value = "http://www.kosmodrom.com.ua/prodlist.php?name=cap1206"; VariantName = "[No Variations]"
Added Component: Designator=C8(CAPC1608X05N)
Add component. Clean all parameters for all variants
Add component (AddParameter): Name = "Ref"; Value = "http://www.kosmodrom.com.ua/prodlist.php?name=cap1206"; VariantName = "[No Variations]"
Added Component: Designator=C9(CAPC1608X05N)
Add component. Clean all parameters for all variants
Add component (AddParameter): Name = "Ref"; Value = "http://www.kosmodrom.com.ua/prodlist.php?name=cap1206"; VariantName = "[No Variations]"
Added Component: Designator=C10(C-LOW-ESR-16-18)
Add component. Clean all parameters for all variants
Added Component: Designator=C11(CAPC3216X05N)
Add component. Clean all parameters for all variants
Add component (AddParameter): Name = "Ref"; Value = "http://www.kosmodrom.com.ua/prodlist.php?name=cap1206"; VariantName = "[No Variations]"
Added Component: Designator=C12(C-LOW-ESR-16-18)
Add component. Clean all parameters for all variants
Added Component: Designator=C13(CAPC3216X05N)
Add component. Clean all parameters for all variants
Add component (AddParameter): Name = "Ref"; Value = "http://www.kosmodrom.com.ua/prodlist.php?name=cap1206"; VariantName = "[No Variations]"
Added Component: Designator=C14(CAPC1608X05N)
Add component. Clean all parameters for all variants
Add component (AddParameter): Name = "Ref"; Value = "http://www.kosmodrom.com.ua/prodlist.php?name=cap1206"; VariantName = "[No Variations]"
Added Component: Designator=C15(C-LOW-ESR-16-18)
Add component. Clean all parameters for all variants
Added Component: Designator=C16(CAPC3216X05N)
Add component. Clean all parameters for all variants
Add component (AddParameter): Name = "Ref"; Value = "http://www.kosmodrom.com.ua/prodlist.php?name=cap1206"; VariantName = "[No Variations]"
Added Component: Designator=C17(CAPC1608X05N)
Add component. Clean all parameters for all variants
Add component (AddParameter): Name = "Ref"; Value = "http://www.kosmodrom.com.ua/prodlist.php?name=cap1206"; VariantName = "[No Variations]"
Added Component: Designator=C18(CAPC1608X05N)
Add component. Clean all parameters for all variants
Add component (AddParameter): Name = "Ref"; Value = "http://www.kosmodrom.com.ua/prodlist.php?name=cap1206"; VariantName = "[No Variations]"
Added Component: Designator=F1(MRT-FUSE)
Add component. Clean all parameters for all variants
Add component (AddParameter): Name = "Ref"; Value = "http://www.kosmodrom.com.ua/el.php?name=RFT-2.5A"; VariantName = "[No Variations]"
Added Component: Designator=F2(MRT-FUSE)
Add component. Clean all parameters for all variants
Add component (AddParameter): Name = "Ref"; Value = "http://www.kosmodrom.com.ua/el.php?name=RFT-2.5A"; VariantName = "[No Variations]"
Added Component: Designator=F3(MRT-FUSE)
Add component. Clean all parameters for all variants
Add component (AddParameter): Name = "Ref"; Value = "http://www.kosmodrom.com.ua/el.php?name=RFT-2.5A"; VariantName = "[No Variations]"
Added Component: Designator=R1(RESC1608X05N)
Add component. Clean all parameters for all variants
Add component (AddParameter): Name = "Ref"; Value = "http://www.kosmodrom.com.ua/prodlist.php?name=res1206"; VariantName = "[No Variations]"
Added Component: Designator=R2(RESC3216X05N)
Add component. Clean all parameters for all variants
Add component (AddParameter): Name = "Ref"; Value = "http://www.kosmodrom.com.ua/prodlist.php?name=res1206"; VariantName = "[No Variations]"
Added Component: Designator=R3(RESC2012X04N)
Add component. Clean all parameters for all variants
Add component (AddParameter): Name = "Ref"; Value = "http://www.kosmodrom.com.ua/prodlist.php?name=res1206"; VariantName = "[No Variations]"
Added Component: Designator=R4(SQP-5W)
Add component. Clean all parameters for all variants
Add component (AddParameter): Name = "Ref"; Value = "https://voron.ua/catalog/001676"; VariantName = "[No Variations]"
Added Component: Designator=R5(SQP-5W)
Add component. Clean all parameters for all variants
Add component (AddParameter): Name = "Ref"; Value = "https://voron.ua/catalog/001676"; VariantName = "[No Variations]"
Added Component: Designator=R6(SQP-5W)
Add component. Clean all parameters for all variants
Add component (AddParameter): Name = "Ref"; Value = "https://voron.ua/catalog/001676"; VariantName = "[No Variations]"
Added Component: Designator=R7(SQP-5W)
Add component. Clean all parameters for all variants
Add component (AddParameter): Name = "Ref"; Value = "https://voron.ua/catalog/001676"; VariantName = "[No Variations]"
Added Component: Designator=R8(RESC3216X05N)
Add component. Clean all parameters for all variants
Add component (AddParameter): Name = "Ref"; Value = "http://www.kosmodrom.com.ua/prodlist.php?name=res1206"; VariantName = "[No Variations]"
Added Component: Designator=R9(RESC3216X05N)
Add component. Clean all parameters for all variants
Add component (AddParameter): Name = "Ref"; Value = "http://www.kosmodrom.com.ua/prodlist.php?name=res1206"; VariantName = "[No Variations]"
Added Component: Designator=R10(RESC3216X05N)
Add component. Clean all parameters for all variants
Add component (AddParameter): Name = "Ref"; Value = "http://www.kosmodrom.com.ua/prodlist.php?name=res1206"; VariantName = "[No Variations]"
Added Component: Designator=R11(RESC3216X05N)
Add component. Clean all parameters for all variants
Add component (AddParameter): Name = "Ref"; Value = "http://www.kosmodrom.com.ua/prodlist.php?name=res1206"; VariantName = "[No Variations]"
Added Component: Designator=R12(RESC2012X04N)
Add component. Clean all parameters for all variants
Add component (AddParameter): Name = "Ref"; Value = "http://www.kosmodrom.com.ua/prodlist.php?name=res1206"; VariantName = "[No Variations]"
Added Component: Designator=R13(RESC3216X05N)
Add component. Clean all parameters for all variants
Add component (AddParameter): Name = "Ref"; Value = "http://www.kosmodrom.com.ua/prodlist.php?name=res1206"; VariantName = "[No Variations]"
Added Component: Designator=R14(RESC2012X04N)
Add component. Clean all parameters for all variants
Add component (AddParameter): Name = "Ref"; Value = "http://www.kosmodrom.com.ua/prodlist.php?name=res1206"; VariantName = "[No Variations]"
Added Component: Designator=R15(RESC2012X04N)
Add component. Clean all parameters for all variants
Add component (AddParameter): Name = "Ref"; Value = "http://www.kosmodrom.com.ua/prodlist.php?name=res1206"; VariantName = "[No Variations]"
Added Component: Designator=R16(RESC1608X05N)
Add component. Clean all parameters for all variants
Add component (AddParameter): Name = "Ref"; Value = "http://www.kosmodrom.com.ua/prodlist.php?name=res1206"; VariantName = "[No Variations]"
Added Component: Designator=R17(RESC1608X05N)
Add component. Clean all parameters for all variants
Add component (AddParameter): Name = "Ref"; Value = "http://www.kosmodrom.com.ua/prodlist.php?name=res1206"; VariantName = "[No Variations]"
Added Component: Designator=U1(DIP8)
Add component. Clean all parameters for all variants
Added Component: Designator=U2(SOIC127P600X175-14N)
Add component. Clean all parameters for all variants
Added Component: Designator=U3(TSQFP50P1200X1200X160-64N)
Add component. Clean all parameters for all variants
Added Component: Designator=VD1(DIOM6959X26N)
Add component. Clean all parameters for all variants
Add component (AddParameter): Name = "Ref"; Value = "http://www.kosmodrom.com.ua/prodlist.php?page=0&name=SS34&okbutton=%CF%EE%E8%F1%EA+%EF%EE+%F1%EA%EB%E0%E4%F3"; VariantName = "[No Variations]"
Added Component: Designator=VD2(DIOM4336X21N)
Add component. Clean all parameters for all variants
Added Component: Designator=VD3(P6KE27CA)
Add component. Clean all parameters for all variants
Add component (AddParameter): Name = "Ref"; Value = "https://prom.ua/p207053054-p6ke27ca;all.html"; VariantName = "[No Variations]"
Added Component: Designator=VD4(P6KE27CA)
Add component. Clean all parameters for all variants
Add component (AddParameter): Name = "Ref"; Value = "https://prom.ua/p207053054-p6ke27ca;all.html"; VariantName = "[No Variations]"
Added Component: Designator=VD5(P6KE27CA)
Add component. Clean all parameters for all variants
Add component (AddParameter): Name = "Ref"; Value = "https://prom.ua/p207053054-p6ke27ca;all.html"; VariantName = "[No Variations]"
Added Component: Designator=VD6(CAPMP3216X11N)
Add component. Clean all parameters for all variants
Add component (AddParameter): Name = "Ref"; Value = "http://www.kosmodrom.com.ua/prodlist.php?page=0&name=FYLS-1206&okbutton=%CF%EE%E8%F1%EA+%EF%EE+%F1%EA%EB%E0%E4%F3"; VariantName = "[No Variations]"
Added Component: Designator=VD7(CAPMP3216X11N)
Add component. Clean all parameters for all variants
Add component (AddParameter): Name = "Ref"; Value = "http://www.kosmodrom.com.ua/prodlist.php?page=0&name=FYLS-1206&okbutton=%CF%EE%E8%F1%EA+%EF%EE+%F1%EA%EB%E0%E4%F3"; VariantName = "[No Variations]"
Added Component: Designator=VD8(CAPMP3216X11N)
Add component. Clean all parameters for all variants
Add component (AddParameter): Name = "Ref"; Value = "http://www.kosmodrom.com.ua/prodlist.php?page=0&name=FYLS-1206&okbutton=%CF%EE%E8%F1%EA+%EF%EE+%F1%EA%EB%E0%E4%F3"; VariantName = "[No Variations]"
Added Component: Designator=VT1(TO-247AC)
Add component. Clean all parameters for all variants
Added Component: Designator=VT2(SOT95P238X102-3N)
Add component. Clean all parameters for all variants
Added Component: Designator=VT3(SOT95P238X102-3N)
Add component. Clean all parameters for all variants
Added Component: Designator=X1(ZL201-2)
Add component. Clean all parameters for all variants
Added Component: Designator=X2(ZL201-2)
Add component. Clean all parameters for all variants
Added Component: Designator=X3(MINI-FIT-6WAY-SM)
Add component. Clean all parameters for all variants
Added Component: Designator=X4(MINI-FIT-8-WAY-SM)
Add component. Clean all parameters for all variants
Added Component: Designator=X5(MINI-FIT-6WAY-SM)
Add component. Clean all parameters for all variants
Added Component: Designator=X6(MINI-FIT-6WAY-SM)
Add component. Clean all parameters for all variants
Added Component: Designator=X7(TACT SWITCH)
Add component. Clean all parameters for all variants
Added Component: Designator=Y1(HC49LT)
Add component. Clean all parameters for all variants
Add component (AddParameter): Name = "Ref (6MHz)"; Value = "http://www.kosmodrom.com.ua/el.php?name=KX-13%206.0%20MHz"; VariantName = "[No Variations]"
Add component (AddParameter): Name = "Ref( 8MHz)"; Value = "http://www.kosmodrom.com.ua/el.php?name=KX-13-8.0-MHz"; VariantName = "[No Variations]"
Added Pin To Net: NetName=+3.3 Pin=C4-2
Added Pin To Net: NetName=+3.3 Pin=C5-2
Added Pin To Net: NetName=+3.3 Pin=C6-2
Added Pin To Net: NetName=+3.3 Pin=C7-2
Added Pin To Net: NetName=+3.3 Pin=C8-2
Added Pin To Net: NetName=+3.3 Pin=C9-2
Added Pin To Net: NetName=+3.3 Pin=F3-2
Added Pin To Net: NetName=+3.3 Pin=R8-2
Added Pin To Net: NetName=+3.3 Pin=R9-2
Added Pin To Net: NetName=+3.3 Pin=R10-2
Added Pin To Net: NetName=+3.3 Pin=R16-1
Added Pin To Net: NetName=+3.3 Pin=U2-14
Added Pin To Net: NetName=+3.3 Pin=U3-1
Added Pin To Net: NetName=+3.3 Pin=U3-13
Added Pin To Net: NetName=+3.3 Pin=U3-19
Added Pin To Net: NetName=+3.3 Pin=U3-32
Added Pin To Net: NetName=+3.3 Pin=U3-48
Added Pin To Net: NetName=+3.3 Pin=U3-64
Added Pin To Net: NetName=+3.3 Pin=X1-2
Added Pin To Net: NetName=+3.3 Pin=X3-3
Added Net: Name=+3.3
Added Pin To Net: NetName=+5 Pin=F2-2
Added Pin To Net: NetName=+5 Pin=R11-2
Added Pin To Net: NetName=+5 Pin=R13-2
Added Pin To Net: NetName=+5 Pin=X3-2
Added Pin To Net: NetName=+5 Pin=X5-1
Added Pin To Net: NetName=+5 Pin=X5-4
Added Net: Name=+5
Added Pin To Net: NetName=+12 Pin=C2-2
Added Pin To Net: NetName=+12 Pin=F1-2
Added Pin To Net: NetName=+12 Pin=U1-1
Added Pin To Net: NetName=+12 Pin=VD2-2
Added Pin To Net: NetName=+12 Pin=X3-1
Added Net: Name=+12
Added Pin To Net: NetName=ACTIVATOR-ENA Pin=R8-1
Added Pin To Net: NetName=ACTIVATOR-ENA Pin=U2-1
Added Pin To Net: NetName=ACTIVATOR-ENA Pin=U2-2
Added Pin To Net: NetName=ACTIVATOR-ENA Pin=X6-1
Added Pin To Net: NetName=ACTIVATOR-ENA Pin=X6-4
Added Net: Name=ACTIVATOR-ENA
Added Pin To Net: NetName=GND Pin=C1-2
Added Pin To Net: NetName=GND Pin=C2-1
Added Pin To Net: NetName=GND Pin=C3-1
Added Pin To Net: NetName=GND Pin=C4-1
Added Pin To Net: NetName=GND Pin=C5-1
Added Pin To Net: NetName=GND Pin=C6-1
Added Pin To Net: NetName=GND Pin=C7-1
Added Pin To Net: NetName=GND Pin=C8-1
Added Pin To Net: NetName=GND Pin=C9-1
Added Pin To Net: NetName=GND Pin=C10-2
Added Pin To Net: NetName=GND Pin=C11-2
Added Pin To Net: NetName=GND Pin=C12-2
Added Pin To Net: NetName=GND Pin=C13-2
Added Pin To Net: NetName=GND Pin=C14-2
Added Pin To Net: NetName=GND Pin=C15-2
Added Pin To Net: NetName=GND Pin=C16-2
Added Pin To Net: NetName=GND Pin=C17-1
Added Pin To Net: NetName=GND Pin=C18-1
Added Pin To Net: NetName=GND Pin=R1-1
Added Pin To Net: NetName=GND Pin=R4-1
Added Pin To Net: NetName=GND Pin=R5-1
Added Pin To Net: NetName=GND Pin=R6-1
Added Pin To Net: NetName=GND Pin=R7-1
Added Pin To Net: NetName=GND Pin=U1-4
Added Pin To Net: NetName=GND Pin=U1-5
Added Pin To Net: NetName=GND Pin=U2-7
Added Pin To Net: NetName=GND Pin=U3-12
Added Pin To Net: NetName=GND Pin=U3-18
Added Pin To Net: NetName=GND Pin=U3-31
Added Pin To Net: NetName=GND Pin=U3-47
Added Pin To Net: NetName=GND Pin=U3-63
Added Pin To Net: NetName=GND Pin=VD1-2
Added Pin To Net: NetName=GND Pin=VD3-A
Added Pin To Net: NetName=GND Pin=VD4-A
Added Pin To Net: NetName=GND Pin=VD5-A
Added Pin To Net: NetName=GND Pin=VD6-1
Added Pin To Net: NetName=GND Pin=VD7-1
Added Pin To Net: NetName=GND Pin=VD8-1
Added Pin To Net: NetName=GND Pin=VT2-2
Added Pin To Net: NetName=GND Pin=VT3-2
Added Pin To Net: NetName=GND Pin=X1-1
Added Pin To Net: NetName=GND Pin=X3-4
Added Pin To Net: NetName=GND Pin=X3-5
Added Pin To Net: NetName=GND Pin=X3-6
Added Pin To Net: NetName=GND Pin=X5-3
Added Pin To Net: NetName=GND Pin=X5-6
Added Pin To Net: NetName=GND Pin=X7-2
Added Pin To Net: NetName=GND Pin=X7-2
Added Net: Name=GND
Added Pin To Net: NetName=INDUCTOR+ Pin=X4-1
Added Pin To Net: NetName=INDUCTOR+ Pin=X4-2
Added Pin To Net: NetName=INDUCTOR+ Pin=X4-5
Added Pin To Net: NetName=INDUCTOR+ Pin=X4-6
Added Net: Name=INDUCTOR+
Added Pin To Net: NetName=INDUCTOR- Pin=VD1-1
Added Pin To Net: NetName=INDUCTOR- Pin=VT1-2
Added Pin To Net: NetName=INDUCTOR- Pin=X4-3
Added Pin To Net: NetName=INDUCTOR- Pin=X4-4
Added Pin To Net: NetName=INDUCTOR- Pin=X4-7
Added Pin To Net: NetName=INDUCTOR- Pin=X4-8
Added Net: Name=INDUCTOR-
Added Pin To Net: NetName=NetC1_1 Pin=C1-1
Added Pin To Net: NetName=NetC1_1 Pin=U1-3
Added Net: Name=NetC1_1
Added Pin To Net: NetName=NetC3_2 Pin=C3-2
Added Pin To Net: NetName=NetC3_2 Pin=U1-8
Added Pin To Net: NetName=NetC3_2 Pin=VD2-1
Added Net: Name=NetC3_2
Added Pin To Net: NetName=NetC10_1 Pin=C10-1
Added Pin To Net: NetName=NetC10_1 Pin=C11-1
Added Pin To Net: NetName=NetC10_1 Pin=F2-1
Added Pin To Net: NetName=NetC10_1 Pin=R12-2
Added Pin To Net: NetName=NetC10_1 Pin=VD4-K
Added Net: Name=NetC10_1
Added Pin To Net: NetName=NetC12_1 Pin=C12-1
Added Pin To Net: NetName=NetC12_1 Pin=C13-1
Added Pin To Net: NetName=NetC12_1 Pin=F3-1
Added Pin To Net: NetName=NetC12_1 Pin=R14-2
Added Pin To Net: NetName=NetC12_1 Pin=VD5-K
Added Net: Name=NetC12_1
Added Pin To Net: NetName=NetC15_1 Pin=C15-1
Added Pin To Net: NetName=NetC15_1 Pin=C16-1
Added Pin To Net: NetName=NetC15_1 Pin=F1-1
Added Pin To Net: NetName=NetC15_1 Pin=R15-2
Added Pin To Net: NetName=NetC15_1 Pin=VD3-K
Added Net: Name=NetC15_1
Added Pin To Net: NetName=NetC17_2 Pin=C17-2
Added Pin To Net: NetName=NetC17_2 Pin=R17-1
Added Pin To Net: NetName=NetC17_2 Pin=Y1-1
Added Net: Name=NetC17_2
Added Pin To Net: NetName=NetR1_2 Pin=R1-2
Added Pin To Net: NetName=NetR1_2 Pin=U3-60
Added Net: Name=NetR1_2
Added Pin To Net: NetName=NetR2_1 Pin=R2-1
Added Pin To Net: NetName=NetR2_1 Pin=VT1-1
Added Net: Name=NetR2_1
Added Pin To Net: NetName=NetR2_2 Pin=R2-2
Added Pin To Net: NetName=NetR2_2 Pin=U1-7
Added Net: Name=NetR2_2
Added Pin To Net: NetName=NetR3_1 Pin=R3-1
Added Pin To Net: NetName=NetR3_1 Pin=U2-5
Added Net: Name=NetR3_1
Added Pin To Net: NetName=NetR3_2 Pin=R3-2
Added Pin To Net: NetName=NetR3_2 Pin=U3-41
Added Net: Name=NetR3_2
Added Pin To Net: NetName=NetR4_2 Pin=R4-2
Added Pin To Net: NetName=NetR4_2 Pin=R5-2
Added Pin To Net: NetName=NetR4_2 Pin=R6-2
Added Pin To Net: NetName=NetR4_2 Pin=R7-2
Added Pin To Net: NetName=NetR4_2 Pin=U1-6
Added Pin To Net: NetName=NetR4_2 Pin=VT1-3
Added Net: Name=NetR4_2
Added Pin To Net: NetName=NetR12_1 Pin=R12-1
Added Pin To Net: NetName=NetR12_1 Pin=VD6-2
Added Net: Name=NetR12_1
Added Pin To Net: NetName=NetR13_1 Pin=R13-1
Added Pin To Net: NetName=NetR13_1 Pin=VT2-3
Added Pin To Net: NetName=NetR13_1 Pin=VT3-1
Added Net: Name=NetR13_1
Added Pin To Net: NetName=NetR14_1 Pin=R14-1
Added Pin To Net: NetName=NetR14_1 Pin=VD7-2
Added Net: Name=NetR14_1
Added Pin To Net: NetName=NetR15_1 Pin=R15-1
Added Pin To Net: NetName=NetR15_1 Pin=VD8-2
Added Net: Name=NetR15_1
Added Pin To Net: NetName=NetU1_2 Pin=U1-2
Added Pin To Net: NetName=NetU1_2 Pin=U2-6
Added Net: Name=NetU1_2
Added Pin To Net: NetName=NetU2_4 Pin=U2-4
Added Pin To Net: NetName=NetU2_4 Pin=U2-12
Added Net: Name=NetU2_4
Added Pin To Net: NetName=NetU2_8 Pin=U2-8
Added Pin To Net: NetName=NetU2_8 Pin=U3-24
Added Net: Name=NetU2_8
Added Pin To Net: NetName=NetU2_11 Pin=U2-11
Added Pin To Net: NetName=NetU2_11 Pin=U3-25
Added Net: Name=NetU2_11
Added Pin To Net: NetName=NetU3_46 Pin=U3-46
Added Pin To Net: NetName=NetU3_46 Pin=X2-1
Added Net: Name=NetU3_46
Added Pin To Net: NetName=NetU3_49 Pin=U3-49
Added Pin To Net: NetName=NetU3_49 Pin=X2-2
Added Net: Name=NetU3_49
Added Pin To Net: NetName=OSC-IN Pin=C18-2
Added Pin To Net: NetName=OSC-IN Pin=U3-5
Added Pin To Net: NetName=OSC-IN Pin=Y1-2
Added Net: Name=OSC-IN
Added Pin To Net: NetName=OSC-OUT Pin=R17-2
Added Pin To Net: NetName=OSC-OUT Pin=U3-6
Added Net: Name=OSC-OUT
Added Pin To Net: NetName=RESET Pin=C14-1
Added Pin To Net: NetName=RESET Pin=R16-2
Added Pin To Net: NetName=RESET Pin=U3-7
Added Pin To Net: NetName=RESET Pin=X7-1
Added Pin To Net: NetName=RESET Pin=X7-1
Added Net: Name=RESET
Added Pin To Net: NetName=RM-POS1 Pin=R10-1
Added Pin To Net: NetName=RM-POS1 Pin=U2-9
Added Pin To Net: NetName=RM-POS1 Pin=U2-10
Added Pin To Net: NetName=RM-POS1 Pin=X6-2
Added Pin To Net: NetName=RM-POS1 Pin=X6-5
Added Net: Name=RM-POS1
Added Pin To Net: NetName=RM-POS2 Pin=R9-1
Added Pin To Net: NetName=RM-POS2 Pin=U2-12
Added Pin To Net: NetName=RM-POS2 Pin=U2-13
Added Pin To Net: NetName=RM-POS2 Pin=X6-3
Added Pin To Net: NetName=RM-POS2 Pin=X6-6
Added Net: Name=RM-POS2
Added Pin To Net: NetName=RM-PULSE-IN Pin=VT2-1
Added Net: Name=RM-PULSE-IN
Added Pin To Net: NetName=RM-PULSE Pin=R11-1
Added Pin To Net: NetName=RM-PULSE Pin=VT3-3
Added Pin To Net: NetName=RM-PULSE Pin=X5-2
Added Pin To Net: NetName=RM-PULSE Pin=X5-5
Added Net: Name=RM-PULSE
