Removed Pin From Net: NetName=+12 Pin=F1-2
Removed Pin From Net: NetName=+3.3 Pin=F3-2
Removed Pin From Net: NetName=+3.3 Pin=X3-1
Removed Pin From Net: NetName=+12 Pin=X3-3
Added Pin To Net: NetName=+3.3 Pin=C12-1
Added Pin To Net: NetName=+3.3 Pin=C13-1
Added Pin To Net: NetName=+12 Pin=C15-1
Added Pin To Net: NetName=+12 Pin=C16-1
Added Pin To Net: NetName=+12 Pin=F1-1
Added Pin To Net: NetName=+3.3 Pin=F3-1
Added Pin To Net: NetName=NetC10_1 Pin=R11-2
Added Pin To Net: NetName=NetC10_1 Pin=R13-2
Added Pin To Net: NetName=+3.3 Pin=R14-2
Added Pin To Net: NetName=+12 Pin=R15-2
Added Pin To Net: NetName=RM-POS2 Pin=U2-12
Added Pin To Net: NetName=+12 Pin=VD3-K
Added Pin To Net: NetName=+3.3 Pin=VD5-K
Added Pin To Net: NetName=NetC10_1 Pin=X5-1
Added Pin To Net: NetName=NetC10_1 Pin=X5-4
Change Net Name : Old Net Name=NetC10_1 New Net Name=+5
Added Pin To Net: NetName=+3.3-IN Pin=F3-2
Added Pin To Net: NetName=+3.3-IN Pin=X3-1
Added Net: Name=+3.3-IN
Added Pin To Net: NetName=+5-IN Pin=F2-2
Added Pin To Net: NetName=+5-IN Pin=X3-2
Added Net: Name=+5-IN
Added Pin To Net: NetName=+12-IN Pin=F1-2
Added Pin To Net: NetName=+12-IN Pin=X3-3
Added Net: Name=+12-IN
