Added Component: Designator=C1(CAPC2012X04N)
Add component. Clean all parameters for all variants
Add component (AddParameter): Name = "Ref"; Value = "http://www.kosmodrom.com.ua/prodlist.php?name=cap1206"; VariantName = "[No Variations]"
Added Component: Designator=C2(CAPC2012X04N)
Add component. Clean all parameters for all variants
Add component (AddParameter): Name = "Ref"; Value = "http://www.kosmodrom.com.ua/prodlist.php?name=cap1206"; VariantName = "[No Variations]"
Added Component: Designator=C3(CAPC2012X04N)
Add component. Clean all parameters for all variants
Add component (AddParameter): Name = "Ref"; Value = "http://www.kosmodrom.com.ua/prodlist.php?name=cap1206"; VariantName = "[No Variations]"
Added Component: Designator=C4(CAPC2012X04N)
Add component. Clean all parameters for all variants
Add component (AddParameter): Name = "Ref"; Value = "http://www.kosmodrom.com.ua/prodlist.php?name=cap1206"; VariantName = "[No Variations]"
Added Component: Designator=C5(CAPC2012X04N)
Add component. Clean all parameters for all variants
Add component (AddParameter): Name = "Ref"; Value = "http://www.kosmodrom.com.ua/prodlist.php?name=cap1206"; VariantName = "[No Variations]"
Added Component: Designator=C6(CAPC2012X04N)
Add component. Clean all parameters for all variants
Add component (AddParameter): Name = "Ref"; Value = "http://www.kosmodrom.com.ua/prodlist.php?name=cap1206"; VariantName = "[No Variations]"
Added Component: Designator=C7(CAPC1608X05N)
Add component. Clean all parameters for all variants
Add component (AddParameter): Name = "Ref"; Value = "http://www.kosmodrom.com.ua/prodlist.php?name=cap1206"; VariantName = "[No Variations]"
Added Component: Designator=C8(CAPC2012X04N)
Add component. Clean all parameters for all variants
Add component (AddParameter): Name = "Ref"; Value = "http://www.kosmodrom.com.ua/prodlist.php?name=cap1206"; VariantName = "[No Variations]"
Added Component: Designator=C9(CAPC1608X05N)
Add component. Clean all parameters for all variants
Add component (AddParameter): Name = "Ref"; Value = "http://www.kosmodrom.com.ua/prodlist.php?name=cap1206"; VariantName = "[No Variations]"
Added Component: Designator=C10(CAPC1608X05N)
Add component. Clean all parameters for all variants
Add component (AddParameter): Name = "Ref"; Value = "http://www.kosmodrom.com.ua/prodlist.php?name=cap1206"; VariantName = "[No Variations]"
Added Component: Designator=C11(CAPC2012X04N)
Add component. Clean all parameters for all variants
Add component (AddParameter): Name = "Ref"; Value = "http://www.kosmodrom.com.ua/prodlist.php?name=cap1206"; VariantName = "[No Variations]"
Added Component: Designator=C12(CAPC2012X04N)
Add component. Clean all parameters for all variants
Add component (AddParameter): Name = "Ref"; Value = "http://www.kosmodrom.com.ua/prodlist.php?name=cap1206"; VariantName = "[No Variations]"
Added Component: Designator=C13(CAPC3216X05N)
Add component. Clean all parameters for all variants
Add component (AddParameter): Name = "Ref"; Value = "http://www.kosmodrom.com.ua/prodlist.php?name=cap1206"; VariantName = "[No Variations]"
Added Component: Designator=C14(CAPC3216X05N)
Add component. Clean all parameters for all variants
Add component (AddParameter): Name = "Ref"; Value = "http://www.kosmodrom.com.ua/prodlist.php?name=cap1206"; VariantName = "[No Variations]"
Added Component: Designator=C15(CAPC1608X05N)
Add component. Clean all parameters for all variants
Add component (AddParameter): Name = "Ref"; Value = "http://www.kosmodrom.com.ua/prodlist.php?name=cap1206"; VariantName = "[No Variations]"
Added Component: Designator=C16(CAPC1608X05N)
Add component. Clean all parameters for all variants
Add component (AddParameter): Name = "Ref"; Value = "http://www.kosmodrom.com.ua/prodlist.php?name=cap1206"; VariantName = "[No Variations]"
Added Component: Designator=C17(CAPC1608X05N)
Add component. Clean all parameters for all variants
Add component (AddParameter): Name = "Ref"; Value = "http://www.kosmodrom.com.ua/prodlist.php?name=cap1206"; VariantName = "[No Variations]"
Added Component: Designator=C18(CAPC1608X05N)
Add component. Clean all parameters for all variants
Add component (AddParameter): Name = "Ref"; Value = "http://www.kosmodrom.com.ua/prodlist.php?name=cap1206"; VariantName = "[No Variations]"
Added Component: Designator=C19(CAPC1608X05N)
Add component. Clean all parameters for all variants
Add component (AddParameter): Name = "Ref"; Value = "http://www.kosmodrom.com.ua/prodlist.php?name=cap1206"; VariantName = "[No Variations]"
Added Component: Designator=C20(CAPC1608X05N)
Add component. Clean all parameters for all variants
Add component (AddParameter): Name = "Ref"; Value = "http://www.kosmodrom.com.ua/prodlist.php?name=cap1206"; VariantName = "[No Variations]"
Added Component: Designator=C21(C-LOW-ESR-16-18)
Add component. Clean all parameters for all variants
Added Component: Designator=C22(C-LOW-ESR-16-18)
Add component. Clean all parameters for all variants
Added Component: Designator=F1(MRT-FUSE)
Add component. Clean all parameters for all variants
Add component (AddParameter): Name = "Ref"; Value = "http://www.kosmodrom.com.ua/el.php?name=RFT-2.5A"; VariantName = "[No Variations]"
Added Component: Designator=F2(MRT-FUSE)
Add component. Clean all parameters for all variants
Add component (AddParameter): Name = "Ref"; Value = "http://www.kosmodrom.com.ua/el.php?name=RFT-2.5A"; VariantName = "[No Variations]"
Added Component: Designator=K1(R_NRP02)
Add component. Clean all parameters for all variants
Added Component: Designator=K2(R_NRP02)
Add component. Clean all parameters for all variants
Added Component: Designator=K3(R_NRP02)
Add component. Clean all parameters for all variants
Added Component: Designator=K4(R_NRP02)
Add component. Clean all parameters for all variants
Added Component: Designator=K5(R_NRP02)
Add component. Clean all parameters for all variants
Added Component: Designator=K6(R_NRP02)
Add component. Clean all parameters for all variants
Added Component: Designator=K7(R_NRP02)
Add component. Clean all parameters for all variants
Added Component: Designator=K8(R_NRP02)
Add component. Clean all parameters for all variants
Added Component: Designator=K9(R_NRP02)
Add component. Clean all parameters for all variants
Added Component: Designator=K10(R_NRP02)
Add component. Clean all parameters for all variants
Added Component: Designator=K11(R_NRP02)
Add component. Clean all parameters for all variants
Added Component: Designator=R1(RESC2012X04N)
Add component. Clean all parameters for all variants
Add component (AddParameter): Name = "Ref"; Value = "http://www.kosmodrom.com.ua/prodlist.php?name=res1206"; VariantName = "[No Variations]"
Added Component: Designator=R2(RESC2012X04N)
Add component. Clean all parameters for all variants
Add component (AddParameter): Name = "Ref"; Value = "http://www.kosmodrom.com.ua/prodlist.php?name=res1206"; VariantName = "[No Variations]"
Added Component: Designator=R3(RESC2012X04N)
Add component. Clean all parameters for all variants
Add component (AddParameter): Name = "Ref"; Value = "http://www.kosmodrom.com.ua/prodlist.php?name=res1206"; VariantName = "[No Variations]"
Added Component: Designator=R4(RESC2012X04N)
Add component. Clean all parameters for all variants
Add component (AddParameter): Name = "Ref"; Value = "http://www.kosmodrom.com.ua/prodlist.php?name=res1206"; VariantName = "[No Variations]"
Added Component: Designator=R5(RESC2012X04N)
Add component. Clean all parameters for all variants
Add component (AddParameter): Name = "Ref"; Value = "http://www.kosmodrom.com.ua/prodlist.php?name=res1206"; VariantName = "[No Variations]"
Added Component: Designator=R6(RESC2012X04N)
Add component. Clean all parameters for all variants
Add component (AddParameter): Name = "Ref"; Value = "http://www.kosmodrom.com.ua/prodlist.php?name=res1206"; VariantName = "[No Variations]"
Added Component: Designator=R7(RESC2012X04N)
Add component. Clean all parameters for all variants
Add component (AddParameter): Name = "Ref"; Value = "http://www.kosmodrom.com.ua/prodlist.php?name=res1206"; VariantName = "[No Variations]"
Added Component: Designator=R8(RESC2012X04N)
Add component. Clean all parameters for all variants
Add component (AddParameter): Name = "Ref"; Value = "http://www.kosmodrom.com.ua/prodlist.php?name=res1206"; VariantName = "[No Variations]"
Added Component: Designator=R9(RESC2012X04N)
Add component. Clean all parameters for all variants
Add component (AddParameter): Name = "Ref"; Value = "http://www.kosmodrom.com.ua/prodlist.php?name=res1206"; VariantName = "[No Variations]"
Added Component: Designator=R10(RESC2012X04N)
Add component. Clean all parameters for all variants
Add component (AddParameter): Name = "Ref"; Value = "http://www.kosmodrom.com.ua/prodlist.php?name=res1206"; VariantName = "[No Variations]"
Added Component: Designator=R11(RESC2012X04N)
Add component. Clean all parameters for all variants
Add component (AddParameter): Name = "Ref"; Value = "http://www.kosmodrom.com.ua/prodlist.php?name=res1206"; VariantName = "[No Variations]"
Added Component: Designator=R12(RESC1608X05N)
Add component. Clean all parameters for all variants
Add component (AddParameter): Name = "Ref"; Value = "http://www.kosmodrom.com.ua/prodlist.php?name=res1206"; VariantName = "[No Variations]"
Added Component: Designator=R13(RESC2012X04N)
Add component. Clean all parameters for all variants
Add component (AddParameter): Name = "Ref"; Value = "http://www.kosmodrom.com.ua/prodlist.php?name=res1206"; VariantName = "[No Variations]"
Added Component: Designator=R14(RESC2012X04N)
Add component. Clean all parameters for all variants
Add component (AddParameter): Name = "Ref"; Value = "http://www.kosmodrom.com.ua/prodlist.php?name=res1206"; VariantName = "[No Variations]"
Added Component: Designator=R15(RESC2012X04N)
Add component. Clean all parameters for all variants
Add component (AddParameter): Name = "Ref"; Value = "http://www.kosmodrom.com.ua/prodlist.php?name=res1206"; VariantName = "[No Variations]"
Added Component: Designator=R16(RESC2012X04N)
Add component. Clean all parameters for all variants
Add component (AddParameter): Name = "Ref"; Value = "http://www.kosmodrom.com.ua/prodlist.php?name=res1206"; VariantName = "[No Variations]"
Added Component: Designator=R17(RESC1608X05N)
Add component. Clean all parameters for all variants
Add component (AddParameter): Name = "Ref"; Value = "http://www.kosmodrom.com.ua/prodlist.php?name=res1206"; VariantName = "[No Variations]"
Added Component: Designator=R18(RESC2012X04N)
Add component. Clean all parameters for all variants
Add component (AddParameter): Name = "Ref"; Value = "http://www.kosmodrom.com.ua/prodlist.php?name=res1206"; VariantName = "[No Variations]"
Added Component: Designator=R19(RESC2012X04N)
Add component. Clean all parameters for all variants
Add component (AddParameter): Name = "Ref"; Value = "http://www.kosmodrom.com.ua/prodlist.php?name=res1206"; VariantName = "[No Variations]"
Added Component: Designator=R20(RESC1608X05N)
Add component. Clean all parameters for all variants
Add component (AddParameter): Name = "Ref"; Value = "http://www.kosmodrom.com.ua/prodlist.php?name=res1206"; VariantName = "[No Variations]"
Added Component: Designator=R21(RESC2012X04N)
Add component. Clean all parameters for all variants
Add component (AddParameter): Name = "Ref"; Value = "http://www.kosmodrom.com.ua/prodlist.php?name=res1206"; VariantName = "[No Variations]"
Added Component: Designator=R22(RESC2012X04N)
Add component. Clean all parameters for all variants
Add component (AddParameter): Name = "Ref"; Value = "http://www.kosmodrom.com.ua/prodlist.php?name=res1206"; VariantName = "[No Variations]"
Added Component: Designator=R23(RESC2012X04N)
Add component. Clean all parameters for all variants
Add component (AddParameter): Name = "Ref"; Value = "http://www.kosmodrom.com.ua/prodlist.php?name=res1206"; VariantName = "[No Variations]"
Added Component: Designator=R24(RESC2012X04N)
Add component. Clean all parameters for all variants
Add component (AddParameter): Name = "Ref"; Value = "http://www.kosmodrom.com.ua/prodlist.php?name=res1206"; VariantName = "[No Variations]"
Added Component: Designator=R25(RESC2012X04N)
Add component. Clean all parameters for all variants
Add component (AddParameter): Name = "Ref"; Value = "http://www.kosmodrom.com.ua/prodlist.php?name=res1206"; VariantName = "[No Variations]"
Added Component: Designator=R26(RESC2012X04N)
Add component. Clean all parameters for all variants
Add component (AddParameter): Name = "Ref"; Value = "http://www.kosmodrom.com.ua/prodlist.php?name=res1206"; VariantName = "[No Variations]"
Added Component: Designator=U1(DIP6)
Add component. Clean all parameters for all variants
Add component (AddParameter): Name = "Ref"; Value = "http://www.kosmodrom.com.ua/el.php?name=H11L1M"; VariantName = "[No Variations]"
Added Component: Designator=U2(DIP6)
Add component. Clean all parameters for all variants
Add component (AddParameter): Name = "Ref"; Value = "http://www.kosmodrom.com.ua/el.php?name=H11L1M"; VariantName = "[No Variations]"
Added Component: Designator=U3(DIP6)
Add component. Clean all parameters for all variants
Add component (AddParameter): Name = "Ref"; Value = "http://www.kosmodrom.com.ua/el.php?name=H11L1M"; VariantName = "[No Variations]"
Added Component: Designator=U4(TSQFP50P1200X1200X160-64N)
Add component. Clean all parameters for all variants
Added Component: Designator=U5(DIP6)
Add component. Clean all parameters for all variants
Add component (AddParameter): Name = "Ref"; Value = "http://www.kosmodrom.com.ua/el.php?name=H11L1M"; VariantName = "[No Variations]"
Added Component: Designator=U6(DIP6)
Add component. Clean all parameters for all variants
Add component (AddParameter): Name = "Ref"; Value = "http://www.kosmodrom.com.ua/el.php?name=H11L1M"; VariantName = "[No Variations]"
Added Component: Designator=U7(DIP6)
Add component. Clean all parameters for all variants
Add component (AddParameter): Name = "Ref"; Value = "http://www.kosmodrom.com.ua/el.php?name=H11L1M"; VariantName = "[No Variations]"
Added Component: Designator=U8(DIP6)
Add component. Clean all parameters for all variants
Add component (AddParameter): Name = "Ref"; Value = "http://www.kosmodrom.com.ua/el.php?name=H11L1M"; VariantName = "[No Variations]"
Added Component: Designator=U9(DIP6)
Add component. Clean all parameters for all variants
Add component (AddParameter): Name = "Ref"; Value = "http://www.kosmodrom.com.ua/el.php?name=H11L1M"; VariantName = "[No Variations]"
Added Component: Designator=U10(DIP6)
Add component. Clean all parameters for all variants
Add component (AddParameter): Name = "Ref"; Value = "http://www.kosmodrom.com.ua/el.php?name=H11L1M"; VariantName = "[No Variations]"
Added Component: Designator=VD1(P6KE27CA)
Add component. Clean all parameters for all variants
Add component (AddParameter): Name = "Ref"; Value = "https://prom.ua/p207053054-p6ke27ca;all.html"; VariantName = "[No Variations]"
Added Component: Designator=VD2(P6KE27CA)
Add component. Clean all parameters for all variants
Add component (AddParameter): Name = "Ref"; Value = "https://prom.ua/p207053054-p6ke27ca;all.html"; VariantName = "[No Variations]"
Added Component: Designator=VD3(CAPMP3216X11N)
Add component. Clean all parameters for all variants
Add component (AddParameter): Name = "Ref"; Value = "http://www.kosmodrom.com.ua/prodlist.php?page=0&name=FYLS-1206&okbutton=%CF%EE%E8%F1%EA+%EF%EE+%F1%EA%EB%E0%E4%F3"; VariantName = "[No Variations]"
Added Component: Designator=VD4(CAPMP3216X11N)
Add component. Clean all parameters for all variants
Add component (AddParameter): Name = "Ref"; Value = "http://www.kosmodrom.com.ua/prodlist.php?page=0&name=FYLS-1206&okbutton=%CF%EE%E8%F1%EA+%EF%EE+%F1%EA%EB%E0%E4%F3"; VariantName = "[No Variations]"
Added Component: Designator=VT1(SOT95P238X102-3N)
Add component. Clean all parameters for all variants
Added Component: Designator=VT2(SOT95P238X102-3N)
Add component. Clean all parameters for all variants
Added Component: Designator=VT3(SOT95P238X102-3N)
Add component. Clean all parameters for all variants
Added Component: Designator=VT4(SOT95P238X102-3N)
Add component. Clean all parameters for all variants
Added Component: Designator=VT5(SOT95P238X102-3N)
Add component. Clean all parameters for all variants
Added Component: Designator=VT6(SOT95P238X102-3N)
Add component. Clean all parameters for all variants
Added Component: Designator=VT7(SOT95P238X102-3N)
Add component. Clean all parameters for all variants
Added Component: Designator=VT8(SOT95P238X102-3N)
Add component. Clean all parameters for all variants
Added Component: Designator=VT9(SOT95P238X102-3N)
Add component. Clean all parameters for all variants
Added Component: Designator=VT10(SOT95P238X102-3N)
Add component. Clean all parameters for all variants
Added Component: Designator=VT11(SOT95P238X102-3N)
Add component. Clean all parameters for all variants
Added Component: Designator=VT12(SOT95P238X102-3N)
Add component. Clean all parameters for all variants
Added Component: Designator=X1(MINI-FIT-16-WAY-M)
Add component. Clean all parameters for all variants
Added Component: Designator=X2(MINI-FIT-16-WAY-M)
Add component. Clean all parameters for all variants
Added Component: Designator=X3(MINI-FIT-6WAY-SM)
Add component. Clean all parameters for all variants
Added Component: Designator=X4(TACT SWITCH)
Add component. Clean all parameters for all variants
Added Component: Designator=X5(ZL201-2)
Add component. Clean all parameters for all variants
Added Component: Designator=X6(ZL201-2)
Add component. Clean all parameters for all variants
Added Component: Designator=X7(229-5FB-MINI-USB)
Add component. Clean all parameters for all variants
Add component (AddParameter): Name = "Ref"; Value = "http://www.kosmodrom.com.ua/el.php?name=229-5FB"; VariantName = "[No Variations]"
Added Component: Designator=Y1(KX-13)
Add component. Clean all parameters for all variants
Add component (AddParameter): Name = "Ref (6MHz)"; Value = "http://www.kosmodrom.com.ua/el.php?name=KX-13%206.0%20MHz"; VariantName = "[No Variations]"
Add component (AddParameter): Name = "Ref( 8MHz)"; Value = "http://www.kosmodrom.com.ua/el.php?name=KX-13-8.0-MHz"; VariantName = "[No Variations]"
Added Pin To Net: NetName=+3.3-IN Pin=F2-2
Added Pin To Net: NetName=+3.3-IN Pin=X3-2
Added Pin To Net: NetName=+3.3-IN Pin=X3-3
Added Net: Name=+3.3-IN
Added Pin To Net: NetName=+3.3 Pin=C1-2
Added Pin To Net: NetName=+3.3 Pin=C2-2
Added Pin To Net: NetName=+3.3 Pin=C3-2
Added Pin To Net: NetName=+3.3 Pin=C4-2
Added Pin To Net: NetName=+3.3 Pin=C5-2
Added Pin To Net: NetName=+3.3 Pin=C6-2
Added Pin To Net: NetName=+3.3 Pin=C8-2
Added Pin To Net: NetName=+3.3 Pin=C11-2
Added Pin To Net: NetName=+3.3 Pin=C12-2
Added Pin To Net: NetName=+3.3 Pin=C14-1
Added Pin To Net: NetName=+3.3 Pin=C15-2
Added Pin To Net: NetName=+3.3 Pin=C16-2
Added Pin To Net: NetName=+3.3 Pin=C17-2
Added Pin To Net: NetName=+3.3 Pin=C18-2
Added Pin To Net: NetName=+3.3 Pin=C19-2
Added Pin To Net: NetName=+3.3 Pin=C20-2
Added Pin To Net: NetName=+3.3 Pin=C22-1
Added Pin To Net: NetName=+3.3 Pin=F2-1
Added Pin To Net: NetName=+3.3 Pin=R2-1
Added Pin To Net: NetName=+3.3 Pin=R4-1
Added Pin To Net: NetName=+3.3 Pin=R6-1
Added Pin To Net: NetName=+3.3 Pin=R8-1
Added Pin To Net: NetName=+3.3 Pin=R10-1
Added Pin To Net: NetName=+3.3 Pin=R12-1
Added Pin To Net: NetName=+3.3 Pin=R13-1
Added Pin To Net: NetName=+3.3 Pin=R15-1
Added Pin To Net: NetName=+3.3 Pin=R18-1
Added Pin To Net: NetName=+3.3 Pin=R21-1
Added Pin To Net: NetName=+3.3 Pin=R26-2
Added Pin To Net: NetName=+3.3 Pin=U1-6
Added Pin To Net: NetName=+3.3 Pin=U2-6
Added Pin To Net: NetName=+3.3 Pin=U3-6
Added Pin To Net: NetName=+3.3 Pin=U4-1
Added Pin To Net: NetName=+3.3 Pin=U4-13
Added Pin To Net: NetName=+3.3 Pin=U4-19
Added Pin To Net: NetName=+3.3 Pin=U4-32
Added Pin To Net: NetName=+3.3 Pin=U4-48
Added Pin To Net: NetName=+3.3 Pin=U4-64
Added Pin To Net: NetName=+3.3 Pin=U5-6
Added Pin To Net: NetName=+3.3 Pin=U6-6
Added Pin To Net: NetName=+3.3 Pin=U7-6
Added Pin To Net: NetName=+3.3 Pin=U8-6
Added Pin To Net: NetName=+3.3 Pin=U9-6
Added Pin To Net: NetName=+3.3 Pin=U10-6
Added Pin To Net: NetName=+3.3 Pin=VD2-K
Added Pin To Net: NetName=+3.3 Pin=X6-1
Added Net: Name=+3.3
Added Pin To Net: NetName=+24 Pin=F1-2
Added Pin To Net: NetName=+24 Pin=X3-1
Added Net: Name=+24
Added Pin To Net: NetName=BOOT Pin=R20-2
Added Pin To Net: NetName=BOOT Pin=U4-60
Added Net: Name=BOOT
Added Pin To Net: NetName=C\O\R\E\-\P\U\L\L\E\R\S\-\I\N\-\P\O\S\-\1\ Pin=U4-25
Added Pin To Net: NetName=C\O\R\E\-\P\U\L\L\E\R\S\-\I\N\-\P\O\S\-\1\ Pin=VT6-1
Added Net: Name=C\O\R\E\-\P\U\L\L\E\R\S\-\I\N\-\P\O\S\-\1\
Added Pin To Net: NetName=C\O\R\E\-\P\U\L\L\E\R\S\-\I\N\-\P\O\S\-\2\ Pin=U4-24
Added Pin To Net: NetName=C\O\R\E\-\P\U\L\L\E\R\S\-\I\N\-\P\O\S\-\2\ Pin=VT7-1
Added Net: Name=C\O\R\E\-\P\U\L\L\E\R\S\-\I\N\-\P\O\S\-\2\
Added Pin To Net: NetName=C\O\R\E\-\P\U\L\L\E\R\S\-\P\O\S\-\1\-\E\N\A\ Pin=R18-2
Added Pin To Net: NetName=C\O\R\E\-\P\U\L\L\E\R\S\-\P\O\S\-\1\-\E\N\A\ Pin=U4-58
Added Pin To Net: NetName=C\O\R\E\-\P\U\L\L\E\R\S\-\P\O\S\-\1\-\E\N\A\ Pin=U9-4
Added Net: Name=C\O\R\E\-\P\U\L\L\E\R\S\-\P\O\S\-\1\-\E\N\A\
Added Pin To Net: NetName=C\O\R\E\-\P\U\L\L\E\R\S\-\P\O\S\-\2\-\E\N\A\ Pin=R21-2
Added Pin To Net: NetName=C\O\R\E\-\P\U\L\L\E\R\S\-\P\O\S\-\2\-\E\N\A\ Pin=U4-57
Added Pin To Net: NetName=C\O\R\E\-\P\U\L\L\E\R\S\-\P\O\S\-\2\-\E\N\A\ Pin=U10-4
Added Net: Name=C\O\R\E\-\P\U\L\L\E\R\S\-\P\O\S\-\2\-\E\N\A\
Added Pin To Net: NetName=CORE-PULLERS-IN-POS-1 Pin=K6-2
Added Pin To Net: NetName=CORE-PULLERS-IN-POS-1 Pin=X1-6
Added Net: Name=CORE-PULLERS-IN-POS-1
Added Pin To Net: NetName=CORE-PULLERS-IN-POS-2 Pin=K7-2
Added Pin To Net: NetName=CORE-PULLERS-IN-POS-2 Pin=X1-7
Added Net: Name=CORE-PULLERS-IN-POS-2
Added Pin To Net: NetName=CORE-PULLERS-POS-1-ENA Pin=R16-1
Added Pin To Net: NetName=CORE-PULLERS-POS-1-ENA Pin=X2-8
Added Net: Name=CORE-PULLERS-POS-1-ENA
Added Pin To Net: NetName=CORE-PULLERS-POS-2-ENA Pin=R19-1
Added Pin To Net: NetName=CORE-PULLERS-POS-2-ENA Pin=X2-7
Added Net: Name=CORE-PULLERS-POS-2-ENA
Added Pin To Net: NetName=D\E\V\I\C\E\-\E\M\G\S\ Pin=R8-2
Added Pin To Net: NetName=D\E\V\I\C\E\-\E\M\G\S\ Pin=U4-53
Added Pin To Net: NetName=D\E\V\I\C\E\-\E\M\G\S\ Pin=U5-4
Added Net: Name=D\E\V\I\C\E\-\E\M\G\S\
Added Pin To Net: NetName=D\E\V\I\C\E\-\O\P\-\E\N\A\ Pin=U4-22
Added Pin To Net: NetName=D\E\V\I\C\E\-\O\P\-\E\N\A\ Pin=VT9-1
Added Net: Name=D\E\V\I\C\E\-\O\P\-\E\N\A\
Added Pin To Net: NetName=D\E\V\I\C\E\-\O\P\-\M\O\D\E\ Pin=R10-2
Added Pin To Net: NetName=D\E\V\I\C\E\-\O\P\-\M\O\D\E\ Pin=U4-54
Added Pin To Net: NetName=D\E\V\I\C\E\-\O\P\-\M\O\D\E\ Pin=U6-4
Added Net: Name=D\E\V\I\C\E\-\O\P\-\M\O\D\E\
Added Pin To Net: NetName=DEVICE-EMGS Pin=R7-1
Added Pin To Net: NetName=DEVICE-EMGS Pin=X2-3
Added Pin To Net: NetName=DEVICE-EMGS Pin=X2-11
Added Net: Name=DEVICE-EMGS
Added Pin To Net: NetName=DEVICE-OP-ENA Pin=K9-2
Added Pin To Net: NetName=DEVICE-OP-ENA Pin=X1-10
Added Net: Name=DEVICE-OP-ENA
Added Pin To Net: NetName=DEVICE-OP-MODE Pin=R9-1
Added Pin To Net: NetName=DEVICE-OP-MODE Pin=X2-4
Added Net: Name=DEVICE-OP-MODE
Added Pin To Net: NetName=DEVICE-REF-POTENTIAL Pin=K1-3
Added Pin To Net: NetName=DEVICE-REF-POTENTIAL Pin=K1-3
Added Pin To Net: NetName=DEVICE-REF-POTENTIAL Pin=K2-3
Added Pin To Net: NetName=DEVICE-REF-POTENTIAL Pin=K2-3
Added Pin To Net: NetName=DEVICE-REF-POTENTIAL Pin=K3-3
Added Pin To Net: NetName=DEVICE-REF-POTENTIAL Pin=K3-3
Added Pin To Net: NetName=DEVICE-REF-POTENTIAL Pin=K4-3
Added Pin To Net: NetName=DEVICE-REF-POTENTIAL Pin=K4-3
Added Pin To Net: NetName=DEVICE-REF-POTENTIAL Pin=K5-3
Added Pin To Net: NetName=DEVICE-REF-POTENTIAL Pin=K5-3
Added Pin To Net: NetName=DEVICE-REF-POTENTIAL Pin=K6-3
Added Pin To Net: NetName=DEVICE-REF-POTENTIAL Pin=K6-3
Added Pin To Net: NetName=DEVICE-REF-POTENTIAL Pin=K7-3
Added Pin To Net: NetName=DEVICE-REF-POTENTIAL Pin=K7-3
Added Pin To Net: NetName=DEVICE-REF-POTENTIAL Pin=K8-3
Added Pin To Net: NetName=DEVICE-REF-POTENTIAL Pin=K8-3
Added Pin To Net: NetName=DEVICE-REF-POTENTIAL Pin=K9-3
Added Pin To Net: NetName=DEVICE-REF-POTENTIAL Pin=K9-3
Added Pin To Net: NetName=DEVICE-REF-POTENTIAL Pin=K10-3
Added Pin To Net: NetName=DEVICE-REF-POTENTIAL Pin=K10-3
Added Pin To Net: NetName=DEVICE-REF-POTENTIAL Pin=K11-3
Added Pin To Net: NetName=DEVICE-REF-POTENTIAL Pin=K11-3
Added Pin To Net: NetName=DEVICE-REF-POTENTIAL Pin=X1-16
Added Net: Name=DEVICE-REF-POTENTIAL
Added Pin To Net: NetName=E\J\E\C\T\O\R\-\B\A\C\K\-\E\N\A\ Pin=R13-2
Added Pin To Net: NetName=E\J\E\C\T\O\R\-\B\A\C\K\-\E\N\A\ Pin=U4-55
Added Pin To Net: NetName=E\J\E\C\T\O\R\-\B\A\C\K\-\E\N\A\ Pin=U7-4
Added Net: Name=E\J\E\C\T\O\R\-\B\A\C\K\-\E\N\A\
Added Pin To Net: NetName=E\J\E\C\T\O\R\-\F\O\R\W\A\R\D\-\E\N\A\ Pin=R15-2
Added Pin To Net: NetName=E\J\E\C\T\O\R\-\F\O\R\W\A\R\D\-\E\N\A\ Pin=U4-56
Added Pin To Net: NetName=E\J\E\C\T\O\R\-\F\O\R\W\A\R\D\-\E\N\A\ Pin=U8-4
Added Net: Name=E\J\E\C\T\O\R\-\F\O\R\W\A\R\D\-\E\N\A\
Added Pin To Net: NetName=E\J\E\C\T\O\R\-\I\N\-\B\A\C\K\-\P\O\S\ Pin=U4-27
Added Pin To Net: NetName=E\J\E\C\T\O\R\-\I\N\-\B\A\C\K\-\P\O\S\ Pin=VT4-1
Added Net: Name=E\J\E\C\T\O\R\-\I\N\-\B\A\C\K\-\P\O\S\
Added Pin To Net: NetName=E\J\E\C\T\O\R\-\I\N\-\F\W\D\-\P\O\S\ Pin=U4-26
Added Pin To Net: NetName=E\J\E\C\T\O\R\-\I\N\-\F\W\D\-\P\O\S\ Pin=VT5-1
Added Net: Name=E\J\E\C\T\O\R\-\I\N\-\F\W\D\-\P\O\S\
Added Pin To Net: NetName=EJECTOR-BACK-ENA Pin=R11-1
Added Pin To Net: NetName=EJECTOR-BACK-ENA Pin=X2-5
Added Net: Name=EJECTOR-BACK-ENA
Added Pin To Net: NetName=EJECTOR-FORWARD-ENA Pin=R14-1
Added Pin To Net: NetName=EJECTOR-FORWARD-ENA Pin=X2-6
Added Net: Name=EJECTOR-FORWARD-ENA
Added Pin To Net: NetName=EJECTOR-IN-BACK-POS Pin=K4-2
Added Pin To Net: NetName=EJECTOR-IN-BACK-POS Pin=X1-4
Added Net: Name=EJECTOR-IN-BACK-POS
Added Pin To Net: NetName=EJECTOR-IN-FWD-POS Pin=K5-2
Added Pin To Net: NetName=EJECTOR-IN-FWD-POS Pin=X1-5
Added Net: Name=EJECTOR-IN-FWD-POS
Added Pin To Net: NetName=EUROMAP-SWCLK Pin=U4-49
Added Pin To Net: NetName=EUROMAP-SWCLK Pin=X5-2
Added Net: Name=EUROMAP-SWCLK
Added Pin To Net: NetName=EUROMAP-SWDIO Pin=U4-46
Added Pin To Net: NetName=EUROMAP-SWDIO Pin=X5-1
Added Net: Name=EUROMAP-SWDIO
Added Pin To Net: NetName=F\U\L\L\-\M\O\U\L\D\-\O\P\E\N\-\E\N\A\ Pin=R6-2
Added Pin To Net: NetName=F\U\L\L\-\M\O\U\L\D\-\O\P\E\N\-\E\N\A\ Pin=U3-4
Added Pin To Net: NetName=F\U\L\L\-\M\O\U\L\D\-\O\P\E\N\-\E\N\A\ Pin=U4-59
Added Net: Name=F\U\L\L\-\M\O\U\L\D\-\O\P\E\N\-\E\N\A\
Added Pin To Net: NetName=FULL-MOULD-OPEN-ENA Pin=R5-1
Added Pin To Net: NetName=FULL-MOULD-OPEN-ENA Pin=X2-12
Added Net: Name=FULL-MOULD-OPEN-ENA
Added Pin To Net: NetName=GND Pin=C1-1
Added Pin To Net: NetName=GND Pin=C2-1
Added Pin To Net: NetName=GND Pin=C3-1
Added Pin To Net: NetName=GND Pin=C4-1
Added Pin To Net: NetName=GND Pin=C5-1
Added Pin To Net: NetName=GND Pin=C6-1
Added Pin To Net: NetName=GND Pin=C7-2
Added Pin To Net: NetName=GND Pin=C8-1
Added Pin To Net: NetName=GND Pin=C9-1
Added Pin To Net: NetName=GND Pin=C10-1
Added Pin To Net: NetName=GND Pin=C11-1
Added Pin To Net: NetName=GND Pin=C12-1
Added Pin To Net: NetName=GND Pin=C13-2
Added Pin To Net: NetName=GND Pin=C14-2
Added Pin To Net: NetName=GND Pin=C15-1
Added Pin To Net: NetName=GND Pin=C16-1
Added Pin To Net: NetName=GND Pin=C17-1
Added Pin To Net: NetName=GND Pin=C18-1
Added Pin To Net: NetName=GND Pin=C19-1
Added Pin To Net: NetName=GND Pin=C20-1
Added Pin To Net: NetName=GND Pin=C21-2
Added Pin To Net: NetName=GND Pin=C22-2
Added Pin To Net: NetName=GND Pin=R20-1
Added Pin To Net: NetName=GND Pin=U1-2
Added Pin To Net: NetName=GND Pin=U1-5
Added Pin To Net: NetName=GND Pin=U2-2
Added Pin To Net: NetName=GND Pin=U2-5
Added Pin To Net: NetName=GND Pin=U3-2
Added Pin To Net: NetName=GND Pin=U3-5
Added Pin To Net: NetName=GND Pin=U4-12
Added Pin To Net: NetName=GND Pin=U4-18
Added Pin To Net: NetName=GND Pin=U4-31
Added Pin To Net: NetName=GND Pin=U4-47
Added Pin To Net: NetName=GND Pin=U4-63
Added Pin To Net: NetName=GND Pin=U5-2
Added Pin To Net: NetName=GND Pin=U5-5
Added Pin To Net: NetName=GND Pin=U6-2
Added Pin To Net: NetName=GND Pin=U6-5
Added Pin To Net: NetName=GND Pin=U7-2
Added Pin To Net: NetName=GND Pin=U7-5
Added Pin To Net: NetName=GND Pin=U8-2
Added Pin To Net: NetName=GND Pin=U8-5
Added Pin To Net: NetName=GND Pin=U9-2
Added Pin To Net: NetName=GND Pin=U9-5
Added Pin To Net: NetName=GND Pin=U10-2
Added Pin To Net: NetName=GND Pin=U10-5
Added Pin To Net: NetName=GND Pin=VD1-A
Added Pin To Net: NetName=GND Pin=VD2-A
Added Pin To Net: NetName=GND Pin=VD3-1
Added Pin To Net: NetName=GND Pin=VD4-1
Added Pin To Net: NetName=GND Pin=VT1-2
Added Pin To Net: NetName=GND Pin=VT2-2
Added Pin To Net: NetName=GND Pin=VT3-2
Added Pin To Net: NetName=GND Pin=VT4-2
Added Pin To Net: NetName=GND Pin=VT5-2
Added Pin To Net: NetName=GND Pin=VT6-2
Added Pin To Net: NetName=GND Pin=VT7-2
Added Pin To Net: NetName=GND Pin=VT8-2
Added Pin To Net: NetName=GND Pin=VT9-2
Added Pin To Net: NetName=GND Pin=VT10-2
Added Pin To Net: NetName=GND Pin=VT11-2
Added Pin To Net: NetName=GND Pin=VT12-2
Added Pin To Net: NetName=GND Pin=X3-4
Added Pin To Net: NetName=GND Pin=X3-5
Added Pin To Net: NetName=GND Pin=X3-6
Added Pin To Net: NetName=GND Pin=X4-2
Added Pin To Net: NetName=GND Pin=X4-2
Added Pin To Net: NetName=GND Pin=X6-2
Added Pin To Net: NetName=GND Pin=X7-5
Added Net: Name=GND
Added Pin To Net: NetName=I\N\T\E\R\-\M\O\U\L\D\-\O\P\E\N\-\P\O\S\ Pin=U4-20
Added Pin To Net: NetName=I\N\T\E\R\-\M\O\U\L\D\-\O\P\E\N\-\P\O\S\ Pin=VT11-1
Added Net: Name=I\N\T\E\R\-\M\O\U\L\D\-\O\P\E\N\-\P\O\S\
Added Pin To Net: NetName=INTER-MOULD-OPEN-POS Pin=K11-2
Added Pin To Net: NetName=INTER-MOULD-OPEN-POS Pin=X1-14
Added Net: Name=INTER-MOULD-OPEN-POS
Added Pin To Net: NetName=M\A\C\H\I\N\E\-\E\M\G\S\ Pin=U4-30
Added Pin To Net: NetName=M\A\C\H\I\N\E\-\E\M\G\S\ Pin=VT1-1
Added Net: Name=M\A\C\H\I\N\E\-\E\M\G\S\
Added Pin To Net: NetName=M\A\C\H\I\N\E\-\S\A\F\E\T\Y\ Pin=U4-28
Added Pin To Net: NetName=M\A\C\H\I\N\E\-\S\A\F\E\T\Y\ Pin=VT3-1
Added Net: Name=M\A\C\H\I\N\E\-\S\A\F\E\T\Y\
Added Pin To Net: NetName=M\O\U\L\D\-\A\R\E\A\-\F\R\E\E\ Pin=R4-2
Added Pin To Net: NetName=M\O\U\L\D\-\A\R\E\A\-\F\R\E\E\ Pin=U2-4
Added Pin To Net: NetName=M\O\U\L\D\-\A\R\E\A\-\F\R\E\E\ Pin=U4-52
Added Net: Name=M\O\U\L\D\-\A\R\E\A\-\F\R\E\E\
Added Pin To Net: NetName=M\O\U\L\D\-\C\L\O\S\E\-\E\N\A\ Pin=R2-2
Added Pin To Net: NetName=M\O\U\L\D\-\C\L\O\S\E\-\E\N\A\ Pin=U1-4
Added Pin To Net: NetName=M\O\U\L\D\-\C\L\O\S\E\-\E\N\A\ Pin=U4-51
Added Net: Name=M\O\U\L\D\-\C\L\O\S\E\-\E\N\A\
Added Pin To Net: NetName=M\O\U\L\D\-\C\L\O\S\E\D\ Pin=U4-21
Added Pin To Net: NetName=M\O\U\L\D\-\C\L\O\S\E\D\ Pin=VT10-1
Added Net: Name=M\O\U\L\D\-\C\L\O\S\E\D\
Added Pin To Net: NetName=M\O\U\L\D\-\O\P\E\N\-\P\O\S\ Pin=U4-29
Added Pin To Net: NetName=M\O\U\L\D\-\O\P\E\N\-\P\O\S\ Pin=VT2-1
Added Net: Name=M\O\U\L\D\-\O\P\E\N\-\P\O\S\
Added Pin To Net: NetName=MACHINE-EMGS Pin=K1-1
Added Pin To Net: NetName=MACHINE-EMGS Pin=X1-1
Added Pin To Net: NetName=MACHINE-EMGS Pin=X1-9
Added Net: Name=MACHINE-EMGS
Added Pin To Net: NetName=MACHINE-REF-POTENTIAL Pin=C13-1
Added Pin To Net: NetName=MACHINE-REF-POTENTIAL Pin=C21-1
Added Pin To Net: NetName=MACHINE-REF-POTENTIAL Pin=F1-1
Added Pin To Net: NetName=MACHINE-REF-POTENTIAL Pin=K1-5
Added Pin To Net: NetName=MACHINE-REF-POTENTIAL Pin=K2-5
Added Pin To Net: NetName=MACHINE-REF-POTENTIAL Pin=K3-5
Added Pin To Net: NetName=MACHINE-REF-POTENTIAL Pin=K4-5
Added Pin To Net: NetName=MACHINE-REF-POTENTIAL Pin=K5-5
Added Pin To Net: NetName=MACHINE-REF-POTENTIAL Pin=K6-5
Added Pin To Net: NetName=MACHINE-REF-POTENTIAL Pin=K7-5
Added Pin To Net: NetName=MACHINE-REF-POTENTIAL Pin=K8-5
Added Pin To Net: NetName=MACHINE-REF-POTENTIAL Pin=K9-5
Added Pin To Net: NetName=MACHINE-REF-POTENTIAL Pin=K10-5
Added Pin To Net: NetName=MACHINE-REF-POTENTIAL Pin=K11-5
Added Pin To Net: NetName=MACHINE-REF-POTENTIAL Pin=R25-2
Added Pin To Net: NetName=MACHINE-REF-POTENTIAL Pin=VD1-K
Added Pin To Net: NetName=MACHINE-REF-POTENTIAL Pin=X2-16
Added Net: Name=MACHINE-REF-POTENTIAL
Added Pin To Net: NetName=MACHINE-SAFETY Pin=K3-2
Added Pin To Net: NetName=MACHINE-SAFETY Pin=X1-3
Added Pin To Net: NetName=MACHINE-SAFETY Pin=X1-11
Added Net: Name=MACHINE-SAFETY
Added Pin To Net: NetName=MOULD-AREA-FREE Pin=R3-1
Added Pin To Net: NetName=MOULD-AREA-FREE Pin=X2-2
Added Pin To Net: NetName=MOULD-AREA-FREE Pin=X2-10
Added Net: Name=MOULD-AREA-FREE
Added Pin To Net: NetName=MOULD-CLOSE-ENA Pin=R1-1
Added Pin To Net: NetName=MOULD-CLOSE-ENA Pin=X2-1
Added Net: Name=MOULD-CLOSE-ENA
Added Pin To Net: NetName=MOULD-CLOSED Pin=K10-2
Added Pin To Net: NetName=MOULD-CLOSED Pin=X1-12
Added Net: Name=MOULD-CLOSED
Added Pin To Net: NetName=MOULD-OPEN-POS Pin=K2-2
Added Pin To Net: NetName=MOULD-OPEN-POS Pin=X1-2
Added Net: Name=MOULD-OPEN-POS
Added Pin To Net: NetName=NetC10_2 Pin=C10-2
Added Pin To Net: NetName=NetC10_2 Pin=R17-1
Added Pin To Net: NetName=NetC10_2 Pin=Y1-1
Added Net: Name=NetC10_2
Added Pin To Net: NetName=NetK1_6 Pin=K1-6
Added Pin To Net: NetName=NetK1_6 Pin=VT1-3
Added Net: Name=NetK1_6
Added Pin To Net: NetName=NetK2_6 Pin=K2-6
Added Pin To Net: NetName=NetK2_6 Pin=VT2-3
Added Net: Name=NetK2_6
Added Pin To Net: NetName=NetK3_6 Pin=K3-6
Added Pin To Net: NetName=NetK3_6 Pin=VT3-3
Added Net: Name=NetK3_6
Added Pin To Net: NetName=NetK4_6 Pin=K4-6
Added Pin To Net: NetName=NetK4_6 Pin=VT4-3
Added Net: Name=NetK4_6
Added Pin To Net: NetName=NetK5_6 Pin=K5-6
Added Pin To Net: NetName=NetK5_6 Pin=VT5-3
Added Net: Name=NetK5_6
Added Pin To Net: NetName=NetK6_6 Pin=K6-6
Added Pin To Net: NetName=NetK6_6 Pin=VT6-3
Added Net: Name=NetK6_6
Added Pin To Net: NetName=NetK7_6 Pin=K7-6
Added Pin To Net: NetName=NetK7_6 Pin=VT7-3
Added Net: Name=NetK7_6
Added Pin To Net: NetName=NetK8_6 Pin=K8-6
Added Pin To Net: NetName=NetK8_6 Pin=VT8-3
Added Net: Name=NetK8_6
Added Pin To Net: NetName=NetK9_6 Pin=K9-6
Added Pin To Net: NetName=NetK9_6 Pin=VT9-3
Added Net: Name=NetK9_6
Added Pin To Net: NetName=NetK10_6 Pin=K10-6
Added Pin To Net: NetName=NetK10_6 Pin=VT10-3
Added Net: Name=NetK10_6
Added Pin To Net: NetName=NetK11_6 Pin=K11-6
Added Pin To Net: NetName=NetK11_6 Pin=VT11-3
Added Net: Name=NetK11_6
Added Pin To Net: NetName=NetR1_2 Pin=R1-2
Added Pin To Net: NetName=NetR1_2 Pin=U1-1
Added Net: Name=NetR1_2
Added Pin To Net: NetName=NetR3_2 Pin=R3-2
Added Pin To Net: NetName=NetR3_2 Pin=U2-1
Added Net: Name=NetR3_2
Added Pin To Net: NetName=NetR5_2 Pin=R5-2
Added Pin To Net: NetName=NetR5_2 Pin=U3-1
Added Net: Name=NetR5_2
Added Pin To Net: NetName=NetR7_2 Pin=R7-2
Added Pin To Net: NetName=NetR7_2 Pin=U5-1
Added Net: Name=NetR7_2
Added Pin To Net: NetName=NetR9_2 Pin=R9-2
Added Pin To Net: NetName=NetR9_2 Pin=U6-1
Added Net: Name=NetR9_2
Added Pin To Net: NetName=NetR11_2 Pin=R11-2
Added Pin To Net: NetName=NetR11_2 Pin=U7-1
Added Net: Name=NetR11_2
Added Pin To Net: NetName=NetR14_2 Pin=R14-2
Added Pin To Net: NetName=NetR14_2 Pin=U8-1
Added Net: Name=NetR14_2
Added Pin To Net: NetName=NetR16_2 Pin=R16-2
Added Pin To Net: NetName=NetR16_2 Pin=U9-1
Added Net: Name=NetR16_2
Added Pin To Net: NetName=NetR19_2 Pin=R19-2
Added Pin To Net: NetName=NetR19_2 Pin=U10-1
Added Net: Name=NetR19_2
Added Pin To Net: NetName=NetR22_2 Pin=R22-2
Added Pin To Net: NetName=NetR22_2 Pin=X7-2
Added Net: Name=NetR22_2
Added Pin To Net: NetName=NetR23_2 Pin=R23-2
Added Pin To Net: NetName=NetR23_2 Pin=X7-3
Added Net: Name=NetR23_2
Added Pin To Net: NetName=NetR24_1 Pin=R24-1
Added Pin To Net: NetName=NetR24_1 Pin=VT12-3
Added Net: Name=NetR24_1
Added Pin To Net: NetName=NetR25_1 Pin=R25-1
Added Pin To Net: NetName=NetR25_1 Pin=VD3-2
Added Net: Name=NetR25_1
Added Pin To Net: NetName=NetR26_1 Pin=R26-1
Added Pin To Net: NetName=NetR26_1 Pin=VD4-2
Added Net: Name=NetR26_1
Added Pin To Net: NetName=OSC-IN Pin=C9-2
Added Pin To Net: NetName=OSC-IN Pin=U4-5
Added Pin To Net: NetName=OSC-IN Pin=Y1-2
Added Net: Name=OSC-IN
Added Pin To Net: NetName=OSC-OUT Pin=R17-2
Added Pin To Net: NetName=OSC-OUT Pin=U4-6
Added Net: Name=OSC-OUT
Added Pin To Net: NetName=R\E\J\E\C\T\ Pin=U4-23
Added Pin To Net: NetName=R\E\J\E\C\T\ Pin=VT8-1
Added Net: Name=R\E\J\E\C\T\
Added Pin To Net: NetName=REJECT Pin=K8-2
Added Pin To Net: NetName=REJECT Pin=X1-8
Added Net: Name=REJECT
Added Pin To Net: NetName=RESET Pin=C7-1
Added Pin To Net: NetName=RESET Pin=R12-2
Added Pin To Net: NetName=RESET Pin=U4-7
Added Pin To Net: NetName=RESET Pin=X4-1
Added Pin To Net: NetName=RESET Pin=X4-1
Added Net: Name=RESET
Added Pin To Net: NetName=USB-DN Pin=R22-1
Added Pin To Net: NetName=USB-DN Pin=U4-44
Added Net: Name=USB-DN
Added Pin To Net: NetName=USB-DP Pin=R23-1
Added Pin To Net: NetName=USB-DP Pin=R24-2
Added Pin To Net: NetName=USB-DP Pin=U4-45
Added Net: Name=USB-DP
Added Pin To Net: NetName=USB-RESET Pin=U4-41
Added Pin To Net: NetName=USB-RESET Pin=VT12-1
Added Net: Name=USB-RESET
Added Class: Name=phantom
