Removed Pin From Net: NetName=I\N\T\E\R\-\M\O\U\L\D\-\O\P\E\N\-\P\O\S\ Pin=U4-20
Removed Pin From Net: NetName=M\O\U\L\D\-\C\L\O\S\E\D\ Pin=U4-21
Removed Pin From Net: NetName=D\E\V\I\C\E\-\O\P\-\E\N\A\ Pin=U4-22
Removed Pin From Net: NetName=R\E\J\E\C\T\ Pin=U4-23
Removed Pin From Net: NetName=C\O\R\E\-\P\U\L\L\E\R\S\-\I\N\-\P\O\S\-\2\ Pin=U4-24
Removed Pin From Net: NetName=E\J\E\C\T\O\R\-\I\N\-\F\W\D\-\P\O\S\ Pin=U4-26
Removed Pin From Net: NetName=E\J\E\C\T\O\R\-\I\N\-\B\A\C\K\-\P\O\S\ Pin=U4-27
Removed Pin From Net: NetName=M\A\C\H\I\N\E\-\S\A\F\E\T\Y\ Pin=U4-28
Removed Pin From Net: NetName=M\O\U\L\D\-\O\P\E\N\-\P\O\S\ Pin=U4-29
Removed Pin From Net: NetName=M\A\C\H\I\N\E\-\E\M\G\S\ Pin=U4-30
Added Pin To Net: NetName=M\A\C\H\I\N\E\-\E\M\G\S\ Pin=U4-20
Added Pin To Net: NetName=M\O\U\L\D\-\O\P\E\N\-\P\O\S\ Pin=U4-21
Added Pin To Net: NetName=M\A\C\H\I\N\E\-\S\A\F\E\T\Y\ Pin=U4-22
Added Pin To Net: NetName=E\J\E\C\T\O\R\-\I\N\-\B\A\C\K\-\P\O\S\ Pin=U4-23
Added Pin To Net: NetName=E\J\E\C\T\O\R\-\I\N\-\F\W\D\-\P\O\S\ Pin=U4-24
Added Pin To Net: NetName=C\O\R\E\-\P\U\L\L\E\R\S\-\I\N\-\P\O\S\-\2\ Pin=U4-26
Added Pin To Net: NetName=R\E\J\E\C\T\ Pin=U4-27
Added Pin To Net: NetName=D\E\V\I\C\E\-\O\P\-\E\N\A\ Pin=U4-28
Added Pin To Net: NetName=M\O\U\L\D\-\C\L\O\S\E\D\ Pin=U4-29
Added Pin To Net: NetName=I\N\T\E\R\-\M\O\U\L\D\-\O\P\E\N\-\P\O\S\ Pin=U4-30
