Removed Pin From Net: NetName=S\E\N\S\-\I\-\9\ Pin=R39-2
Removed Pin From Net: NetName=S\E\N\S\-\I\-\1\0\ Pin=R61-2
Removed Pin From Net: NetName=S\E\N\S\-\I\-\1\1\ Pin=R65-2
Removed Pin From Net: NetName=S\E\N\S\-\I\-\1\2\ Pin=R69-2
Removed Pin From Net: NetName=S\E\N\S\-\I\-\1\3\ Pin=R73-2
Removed Pin From Net: NetName=S\E\N\S\-\I\-\1\4\ Pin=R77-2
Removed Pin From Net: NetName=S\E\N\S\-\I\-\1\5\ Pin=R105-2
Removed Pin From Net: NetName=S\E\N\S\-\I\-\9\ Pin=U18-4
Removed Pin From Net: NetName=S\E\N\S\-\I\-\1\0\ Pin=U21-4
Removed Pin From Net: NetName=S\E\N\S\-\I\-\1\1\ Pin=U24-4
Removed Pin From Net: NetName=S\E\N\S\-\I\-\1\2\ Pin=U50-4
Removed Pin From Net: NetName=S\E\N\S\-\I\-\1\3\ Pin=U52-4
Removed Pin From Net: NetName=S\E\N\S\-\I\-\1\4\ Pin=U54-4
Removed Pin From Net: NetName=S\E\N\S\-\I\-\1\5\ Pin=U56-4
Added Pin To Net: NetName=S\E\N\S\-\I\-\8\ Pin=R39-2
Added Pin To Net: NetName=S\E\N\S\-\I\-\9\ Pin=R61-2
Added Pin To Net: NetName=S\E\N\S\-\I\-\1\0\ Pin=R65-2
Added Pin To Net: NetName=S\E\N\S\-\I\-\1\1\ Pin=R69-2
Added Pin To Net: NetName=S\E\N\S\-\I\-\1\2\ Pin=R73-2
Added Pin To Net: NetName=S\E\N\S\-\I\-\1\3\ Pin=R77-2
Added Pin To Net: NetName=S\E\N\S\-\I\-\1\4\ Pin=R105-2
Added Pin To Net: NetName=S\E\N\S\-\I\-\8\ Pin=U18-4
Added Pin To Net: NetName=S\E\N\S\-\I\-\9\ Pin=U21-4
Added Pin To Net: NetName=S\E\N\S\-\I\-\1\0\ Pin=U24-4
Added Pin To Net: NetName=S\E\N\S\-\I\-\1\1\ Pin=U50-4
Added Pin To Net: NetName=S\E\N\S\-\I\-\1\2\ Pin=U52-4
Added Pin To Net: NetName=S\E\N\S\-\I\-\1\3\ Pin=U54-4
Added Pin To Net: NetName=S\E\N\S\-\I\-\1\4\ Pin=U56-4
